<?xml version="1.0" encoding="UTF-8"?>
<!-- Generated by org.testng.reporters.JUnitXMLReporter -->
<testsuite hostname="Bhavani" name="MyCourses Distribution-7" tests="1" failures="0" timestamp="4 Mar 2015 13:06:05 GMT" time="0.247" errors="0">
  <testcase name="@BeforeSuite isSuiteSkipped" time="0.0" classname="com.NFHS.TestSuites.MyCoursesDistribution.MC_Distribution7">
    <skipped/>
  </testcase> <!-- @BeforeSuite isSuiteSkipped -->
  <testcase name="@BeforeTest isTestSkipped" time="0.0" classname="com.NFHS.TestSuites.MyCoursesDistribution.MC_Distribution7">
    <skipped/>
  </testcase> <!-- @BeforeTest isTestSkipped -->
  <testcase name="@BeforeMethod launch_Browser" time="0.0" classname="com.NFHS.TestSuites.MyCoursesDistribution.MC_Distribution7">
    <skipped/>
  </testcase> <!-- @BeforeMethod launch_Browser -->
  <testcase name="@AfterMethod reporter" time="0.0" classname="com.NFHS.TestSuites.MyCoursesDistribution.MC_Distribution7">
    <skipped/>
  </testcase> <!-- @AfterMethod reporter -->
  <testcase name="@AfterTest reportTestCaseResult" time="0.0" classname="com.NFHS.TestSuites.MyCoursesDistribution.MC_Distribution7">
    <skipped/>
  </testcase> <!-- @AfterTest reportTestCaseResult -->
  <testcase name="mc_Distribution7" time="0.0" classname="com.NFHS.TestSuites.MyCoursesDistribution.MC_Distribution7">
    <skipped/>
  </testcase> <!-- mc_Distribution7 -->
</testsuite> <!-- MyCourses Distribution-7 -->
