<?xml version="1.0" encoding="UTF-8"?>
<!-- Generated by org.testng.reporters.JUnitXMLReporter -->
<testsuite hostname="Bhavani" name="ForgotPassword-3" tests="2" failures="0" timestamp="9 Apr 2015 14:44:46 GMT" time="59.88" errors="0">
  <testcase name="forgot_Password_3" time="28.487" classname="com.NFHS.TestSuites.ForgotPasswordSuite.Forgot_Password3"/>
  <testcase name="forgot_Password_3" time="22.141" classname="com.NFHS.TestSuites.ForgotPasswordSuite.Forgot_Password3"/>
</testsuite> <!-- ForgotPassword-3 -->
