<?xml version="1.0" encoding="UTF-8"?>
<!-- Generated by org.testng.reporters.JUnitXMLReporter -->
<testsuite hostname="Bhavani" name="Registration_Account" tests="3" failures="0" timestamp="9 Apr 2015 12:29:51 GMT" time="166.911" errors="0">
  <testcase name="Registration_of_New_User" time="48.077" classname="com.NFHS.TestSuites.RegistrationSuite.Registration_Account_Setup"/>
  <testcase name="Registration_of_New_User" time="56.427" classname="com.NFHS.TestSuites.RegistrationSuite.Registration_Account_Setup"/>
  <testcase name="Registration_of_New_User" time="48.295" classname="com.NFHS.TestSuites.RegistrationSuite.Registration_Account_Setup"/>
</testsuite> <!-- Registration_Account -->
