<?xml version="1.0" encoding="UTF-8"?>
<!-- Generated by org.testng.reporters.JUnitXMLReporter -->
<testsuite hostname="Bhavani" name="Registration_Account2" tests="1" failures="0" timestamp="9 Apr 2015 12:29:52 GMT" time="0.477" errors="0">
  <testcase name="@BeforeTest isTestSkipped" time="0.0" classname="com.NFHS.TestSuites.RegistrationSuite.Registration_Account_Setup2">
    <skipped/>
  </testcase> <!-- @BeforeTest isTestSkipped -->
  <testcase name="@BeforeMethod launch_Browser" time="0.0" classname="com.NFHS.TestSuites.RegistrationSuite.Registration_Account_Setup2">
    <skipped/>
  </testcase> <!-- @BeforeMethod launch_Browser -->
  <testcase name="@AfterMethod reporter" time="0.0" classname="com.NFHS.TestSuites.RegistrationSuite.Registration_Account_Setup2">
    <skipped/>
  </testcase> <!-- @AfterMethod reporter -->
  <testcase name="@AfterTest reportTestCaseResult" time="0.0" classname="com.NFHS.TestSuites.RegistrationSuite.Registration_Account_Setup2">
    <skipped/>
  </testcase> <!-- @AfterTest reportTestCaseResult -->
  <testcase name="Registration_of_New_User" time="0.001" classname="com.NFHS.TestSuites.RegistrationSuite.Registration_Account_Setup2">
    <skipped/>
  </testcase> <!-- Registration_of_New_User -->
</testsuite> <!-- Registration_Account2 -->
