<?xml version="1.0" encoding="UTF-8"?>
<testng-results skipped="0" failed="1" total="1" passed="0">
  <reporter-output>
  </reporter-output>
  <suite name="Default suite" duration-ms="54740" started-at="2015-05-19T18:12:20Z" finished-at="2015-05-19T18:13:15Z">
    <groups>
    </groups>
    <test name="Default test" duration-ms="54740" started-at="2015-05-19T18:12:20Z" finished-at="2015-05-19T18:13:15Z">
      <class name="com.NFHS.TestSuites.MyAccountSuite.MA_AccountEdit1">
        <test-method status="PASS" signature="isSuiteSkipped()[pri:0, instance:com.NFHS.TestSuites.MyAccountSuite.MA_AccountEdit1@470d6c27]" name="isSuiteSkipped" is-config="true" duration-ms="2881" started-at="2015-05-19T23:42:17Z" finished-at="2015-05-19T23:42:20Z">
          <reporter-output>
          </reporter-output>
        </test-method> <!-- isSuiteSkipped -->
        <test-method status="PASS" signature="isTestSkipped()[pri:0, instance:com.NFHS.TestSuites.MyAccountSuite.MA_AccountEdit1@470d6c27]" name="isTestSkipped" is-config="true" duration-ms="1332" started-at="2015-05-19T23:42:20Z" finished-at="2015-05-19T23:42:22Z">
          <reporter-output>
          </reporter-output>
        </test-method> <!-- isTestSkipped -->
        <test-method status="PASS" signature="launch_Browser()[pri:0, instance:com.NFHS.TestSuites.MyAccountSuite.MA_AccountEdit1@470d6c27]" name="launch_Browser" is-config="true" duration-ms="3275" started-at="2015-05-19T23:42:22Z" finished-at="2015-05-19T23:42:26Z">
          <reporter-output>
          </reporter-output>
        </test-method> <!-- launch_Browser -->
        <test-method status="FAIL" signature="profileEdit(java.lang.String, java.lang.String)[pri:0, instance:com.NFHS.TestSuites.MyAccountSuite.MA_AccountEdit1@470d6c27]" name="profileEdit" duration-ms="45425" started-at="2015-05-19T23:42:26Z" data-provider="ma_AccountEdit1_Test_Data" finished-at="2015-05-19T23:43:11Z">
          <params>
            <param index="0">
              <value>
                <![CDATA[bhabani.shankar105@weboapps.com]]>
              </value>
            </param>
            <param index="1">
              <value>
                <![CDATA[test1234]]>
              </value>
            </param>
          </params>
          <exception class="java.lang.NullPointerException">
            <full-stacktrace>
              <![CDATA[java.lang.NullPointerException
	at com.NFHS.base.PageBase.webElementProperty(PageBase.java:36)
	at com.NFHS.PageObjects.UserProfilePage.profileEditPersonalInfo(UserProfilePage.java:29)
	at com.NFHS.TestSuites.MyAccountSuite.MA_AccountEdit1.profileEdit(MA_AccountEdit1.java:65)
	at sun.reflect.NativeMethodAccessorImpl.invoke0(Native Method)
	at sun.reflect.NativeMethodAccessorImpl.invoke(Unknown Source)
	at sun.reflect.DelegatingMethodAccessorImpl.invoke(Unknown Source)
	at java.lang.reflect.Method.invoke(Unknown Source)
	at org.testng.internal.MethodInvocationHelper.invokeMethod(MethodInvocationHelper.java:84)
	at org.testng.internal.Invoker.invokeMethod(Invoker.java:714)
	at org.testng.internal.Invoker.invokeTestMethod(Invoker.java:901)
	at org.testng.internal.Invoker.invokeTestMethods(Invoker.java:1231)
	at org.testng.internal.TestMethodWorker.invokeTestMethods(TestMethodWorker.java:127)
	at org.testng.internal.TestMethodWorker.run(TestMethodWorker.java:111)
	at org.testng.TestRunner.privateRun(TestRunner.java:767)
	at org.testng.TestRunner.run(TestRunner.java:617)
	at org.testng.SuiteRunner.runTest(SuiteRunner.java:334)
	at org.testng.SuiteRunner.runSequentially(SuiteRunner.java:329)
	at org.testng.SuiteRunner.privateRun(SuiteRunner.java:291)
	at org.testng.SuiteRunner.run(SuiteRunner.java:240)
	at org.testng.SuiteRunnerWorker.runSuite(SuiteRunnerWorker.java:52)
	at org.testng.SuiteRunnerWorker.run(SuiteRunnerWorker.java:86)
	at org.testng.TestNG.runSuitesSequentially(TestNG.java:1224)
	at org.testng.TestNG.runSuitesLocally(TestNG.java:1149)
	at org.testng.TestNG.run(TestNG.java:1057)
	at org.testng.remote.RemoteTestNG.run(RemoteTestNG.java:111)
	at org.testng.remote.RemoteTestNG.initAndRun(RemoteTestNG.java:204)
	at org.testng.remote.RemoteTestNG.main(RemoteTestNG.java:175)
]]>
            </full-stacktrace>
          </exception> <!-- java.lang.NullPointerException -->
          <reporter-output>
          </reporter-output>
        </test-method> <!-- profileEdit -->
        <test-method status="PASS" signature="reporter()[pri:0, instance:com.NFHS.TestSuites.MyAccountSuite.MA_AccountEdit1@470d6c27]" name="reporter" is-config="true" duration-ms="3583" started-at="2015-05-19T23:43:11Z" finished-at="2015-05-19T23:43:15Z">
          <reporter-output>
          </reporter-output>
        </test-method> <!-- reporter -->
        <test-method status="PASS" signature="reportTestCaseResult()[pri:0, instance:com.NFHS.TestSuites.MyAccountSuite.MA_AccountEdit1@470d6c27]" name="reportTestCaseResult" is-config="true" duration-ms="410" started-at="2015-05-19T23:43:15Z" finished-at="2015-05-19T23:43:15Z">
          <reporter-output>
          </reporter-output>
        </test-method> <!-- reportTestCaseResult -->
        <test-method status="PASS" signature="reportSuiteResult()[pri:0, instance:com.NFHS.TestSuites.MyAccountSuite.MA_AccountEdit1@470d6c27]" name="reportSuiteResult" is-config="true" duration-ms="1" started-at="2015-05-19T23:43:15Z" finished-at="2015-05-19T23:43:15Z">
          <reporter-output>
          </reporter-output>
        </test-method> <!-- reportSuiteResult -->
      </class> <!-- com.NFHS.TestSuites.MyAccountSuite.MA_AccountEdit1 -->
    </test> <!-- Default test -->
  </suite> <!-- Default suite -->
</testng-results>
